<?xml version="1.0" encoding="UTF-8"?>
<testng-results ignored="0" total="1" passed="1" failed="0" skipped="0">
  <reporter-output>
  </reporter-output>
  <suite started-at="2023-06-18T12:26:06 IST" name="SuiteMaven" finished-at="2023-06-18T12:26:21 IST" duration-ms="15109">
    <groups>
    </groups>
    <test started-at="2023-06-18T12:26:06 IST" name="Test1" finished-at="2023-06-18T12:26:21 IST" duration-ms="15109">
      <class name="testGITMavenJenkins.TesterOne">
        <test-method signature="method1()[pri:0, instance:testGITMavenJenkins.TesterOne@59309333]" started-at="2023-06-18T12:26:06 IST" name="method1" finished-at="2023-06-18T12:26:21 IST" duration-ms="15065" status="PASS">
          <reporter-output>
          </reporter-output>
        </test-method> <!-- method1 -->
      </class> <!-- testGITMavenJenkins.TesterOne -->
    </test> <!-- Test1 -->
  </suite> <!-- SuiteMaven -->
</testng-results>
